[0703/095208:ERROR:process_info.cc(330)] VirtualQueryEx: Access is denied. (0x5)
[0703/095208:ERROR:process_info.cc(547)] ReadMemoryInfo failed
[0703/095208:ERROR:process_info.cc(608)] range at 0x7752ab40, size 0x24 fully unreadable
[0703/095208:ERROR:process_info.cc(608)] range at 0x7742bc84, size 0x12 fully unreadable
[0703/095208:ERROR:process_info.cc(608)] range at 0x7742bc84, size 0x12 fully unreadable
[0703/095208:ERROR:process_info.cc(608)] range at 0x7742bc84, size 0x12 fully unreadable
[0703/095208:ERROR:process_reader_win.cc(232)] ReadMemory at 0x13a57c8 of 72 bytes failed: Only part of a ReadProcessMemory or WriteProcessMemory request was completed. (0x12B)
[0703/095208:ERROR:process_reader_win.cc(232)] ReadMemory at 0x1381488 of 784 bytes failed: Only part of a ReadProcessMemory or WriteProcessMemory request was completed. (0x12B)
[0703/095208:ERROR:process_snapshot_win.cc(380)] ReadMemory RTL_USER_PROCESS_PARAMETERS
[0703/095208:ERROR:process_reader_win.cc(232)] ReadMemory at 0xad0000 of 64 bytes failed: Only part of a ReadProcessMemory or WriteProcessMemory request was completed. (0x12B)
[0703/095208:WARNING:pe_image_reader.cc(280)] could not read dos header from C:\Program Files (x86)\Google\Chrome\Application\chrome.exe
[0703/095208:ERROR:process_reader_win.cc(232)] ReadMemory at 0x77420000 of 64 bytes failed: Only part of a ReadProcessMemory or WriteProcessMemory request was completed. (0x12B)
[0703/095208:WARNING:pe_image_reader.cc(280)] could not read dos header from C:\WINDOWS\SYSTEM32\ntdll.dll
[0703/095208:ERROR:process_reader_win.cc(232)] ReadMemory at 0x74bf0000 of 64 bytes failed: Only part of a ReadProcessMemory or WriteProcessMemory request was completed. (0x12B)
[0703/095208:WARNING:pe_image_reader.cc(280)] could not read dos header from C:\WINDOWS\SYSTEM32\KERNELBASE.dll
[0703/095208:ERROR:process_reader_win.cc(232)] ReadMemory at 0x75030000 of 64 bytes failed: Only part of a ReadProcessMemory or WriteProcessMemory request was completed. (0x12B)
[0703/095208:WARNING:pe_image_reader.cc(280)] could not read dos header from C:\WINDOWS\SYSTEM32\KERNEL32.dll
[0703/095208:ERROR:process_reader_win.cc(232)] ReadMemory at 0x67240000 of 64 bytes failed: Only part of a ReadProcessMemory or WriteProcessMemory request was completed. (0x12B)
[0703/095208:WARNING:pe_image_reader.cc(280)] could not read dos header from C:\Program Files\AVAST Software\Avast\snxhk.dll
[0703/095208:ERROR:process_reader_win.cc(232)] ReadMemory at 0x71420000 of 64 bytes failed: Only part of a ReadProcessMemory or WriteProcessMemory request was completed. (0x12B)
[0703/095208:WARNING:pe_image_reader.cc(280)] could not read dos header from C:\WINDOWS\system32\apphelp.dll
[0703/095208:ERROR:process_reader_win.cc(232)] ReadMemory at 0x74170000 of 64 bytes failed: Only part of a ReadProcessMemory or WriteProcessMemory request was completed. (0x12B)
[0703/095208:WARNING:pe_image_reader.cc(280)] could not read dos header from C:\WINDOWS\SYSTEM32\msvcrt.dll
[0703/095208:ERROR:process_reader_win.cc(232)] ReadMemory at 0x74b10000 of 64 bytes failed: Only part of a ReadProcessMemory or WriteProcessMemory request was completed. (0x12B)
[0703/095208:WARNING:pe_image_reader.cc(280)] could not read dos header from C:\WINDOWS\SYSTEM32\bcryptPrimitives.dll
[0703/095208:ERROR:process_reader_win.cc(232)] ReadMemory at 0x74140000 of 64 bytes failed: Only part of a ReadProcessMemory or WriteProcessMemory request was completed. (0x12B)
[0703/095208:WARNING:pe_image_reader.cc(280)] could not read dos header from C:\WINDOWS\SYSTEM32\CRYPTBASE.dll
[0703/095208:ERROR:process_reader_win.cc(232)] ReadMemory at 0x74150000 of 64 bytes failed: Only part of a ReadProcessMemory or WriteProcessMemory request was completed. (0x12B)
[0703/095208:WARNING:pe_image_reader.cc(280)] could not read dos header from C:\WINDOWS\SYSTEM32\SspiCli.dll
[0703/095208:ERROR:process_reader_win.cc(232)] ReadMemory at 0x74e00000 of 64 bytes failed: Only part of a ReadProcessMemory or WriteProcessMemory request was completed. (0x12B)
[0703/095208:WARNING:pe_image_reader.cc(280)] could not read dos header from C:\WINDOWS\SYSTEM32\RPCRT4.dll
[0703/095208:ERROR:process_reader_win.cc(232)] ReadMemory at 0x75560000 of 64 bytes failed: Only part of a ReadProcessMemory or WriteProcessMemory request was completed. (0x12B)
[0703/095208:WARNING:pe_image_reader.cc(280)] could not read dos header from C:\WINDOWS\SYSTEM32\sechost.dll
[0703/095208:ERROR:process_reader_win.cc(232)] ReadMemory at 0x74b70000 of 64 bytes failed: Only part of a ReadProcessMemory or WriteProcessMemory request was completed. (0x12B)
[0703/095208:WARNING:pe_image_reader.cc(280)] could not read dos header from C:\WINDOWS\SYSTEM32\ADVAPI32.dll
[0703/095208:ERROR:process_reader_win.cc(232)] ReadMemory at 0x68c90000 of 64 bytes failed: Only part of a ReadProcessMemory or WriteProcessMemory request was completed. (0x12B)
[0703/095208:WARNING:pe_image_reader.cc(280)] could not read dos header from C:\Program Files (x86)\Google\Chrome\Application\51.0.2704.103\chrome_elf.dll
[0703/095208:ERROR:process_reader_win.cc(232)] ReadMemory at 0x73cc0000 of 64 bytes failed: Only part of a ReadProcessMemory or WriteProcessMemory request was completed. (0x12B)
[0703/095208:WARNING:pe_image_reader.cc(280)] could not read dos header from C:\WINDOWS\SYSTEM32\VERSION.dll
[0703/095208:ERROR:process_reader_win.cc(232)] ReadMemory at 0x75bb0000 of 64 bytes failed: Only part of a ReadProcessMemory or WriteProcessMemory request was completed. (0x12B)
[0703/095208:WARNING:pe_image_reader.cc(280)] could not read dos header from C:\WINDOWS\SYSTEM32\cfgmgr32.dll
[0703/095208:ERROR:process_reader_win.cc(232)] ReadMemory at 0x69600000 of 64 bytes failed: Only part of a ReadProcessMemory or WriteProcessMemory request was completed. (0x12B)
[0703/095208:WARNING:pe_image_reader.cc(280)] could not read dos header from C:\WINDOWS\SYSTEM32\WINMMBASE.dll
[0703/095208:ERROR:process_reader_win.cc(232)] ReadMemory at 0x746e0000 of 64 bytes failed: Only part of a ReadProcessMemory or WriteProcessMemory request was completed. (0x12B)
[0703/095208:WARNING:pe_image_reader.cc(280)] could not read dos header from C:\WINDOWS\SYSTEM32\GDI32.dll
[0703/095208:ERROR:process_reader_win.cc(232)] ReadMemory at 0x753f0000 of 64 bytes failed: Only part of a ReadProcessMemory or WriteProcessMemory request was completed. (0x12B)
[0703/095208:WARNING:pe_image_reader.cc(280)] could not read dos header from C:\WINDOWS\SYSTEM32\USER32.dll
[0703/095208:ERROR:process_reader_win.cc(232)] ReadMemory at 0x74d70000 of 64 bytes failed: Only part of a ReadProcessMemory or WriteProcessMemory request was completed. (0x12B)
[0703/095208:WARNING:pe_image_reader.cc(280)] could not read dos header from C:\WINDOWS\SYSTEM32\IMM32.DLL
[0703/095208:ERROR:process_reader_win.cc(232)] ReadMemory at 0x69650000 of 64 bytes failed: Only part of a ReadProcessMemory or WriteProcessMemory request was completed. (0x12B)
[0703/095208:WARNING:pe_image_reader.cc(280)] could not read dos header from C:\WINDOWS\SYSTEM32\WINMM.dll
[0703/095208:ERROR:process_reader_win.cc(232)] ReadMemory at 0x77400000 of 64 bytes failed: Only part of a ReadProcessMemory or WriteProcessMemory request was completed. (0x12B)
[0703/095208:WARNING:pe_image_reader.cc(280)] could not read dos header from C:\WINDOWS\SYSTEM32\profapi.dll
[0703/095208:ERROR:process_reader_win.cc(232)] ReadMemory at 0x72de0000 of 64 bytes failed: Only part of a ReadProcessMemory or WriteProcessMemory request was completed. (0x12B)
[0703/095208:WARNING:pe_image_reader.cc(280)] could not read dos header from C:\WINDOWS\SYSTEM32\USERENV.dll
[0703/095208:ERROR:process_reader_win.cc(232)] ReadMemory at 0x72040000 of 64 bytes failed: Only part of a ReadProcessMemory or WriteProcessMemory request was completed. (0x12B)
[0703/095208:WARNING:pe_image_reader.cc(280)] could not read dos header from C:\WINDOWS\SYSTEM32\WTSAPI32.dll
[0703/095208:ERROR:process_reader_win.cc(232)] ReadMemory at 0x739c0000 of 64 bytes failed: Only part of a ReadProcessMemory or WriteProcessMemory request was completed. (0x12B)
[0703/095208:WARNING:pe_image_reader.cc(280)] could not read dos header from C:\WINDOWS\SYSTEM32\WINHTTP.dll
[0703/095208:ERROR:process_reader_win.cc(232)] ReadMemory at 0x75bf0000 of 64 bytes failed: Only part of a ReadProcessMemory or WriteProcessMemory request was completed. (0x12B)
[0703/095208:WARNING:pe_image_reader.cc(280)] could not read dos header from C:\WINDOWS\SYSTEM32\combase.dll
[0703/095208:ERROR:process_reader_win.cc(232)] ReadMemory at 0x75e40000 of 64 bytes failed: Only part of a ReadProcessMemory or WriteProcessMemory request was completed. (0x12B)
[0703/095208:WARNING:pe_image_reader.cc(280)] could not read dos header from C:\WINDOWS\SYSTEM32\shlwapi.dll
[0703/095208:ERROR:process_reader_win.cc(232)] ReadMemory at 0x75110000 of 64 bytes failed: Only part of a ReadProcessMemory or WriteProcessMemory request was completed. (0x12B)
[0703/095208:WARNING:pe_image_reader.cc(280)] could not read dos header from C:\WINDOWS\SYSTEM32\kernel.appcore.dll
[0703/095208:ERROR:process_reader_win.cc(232)] ReadMemory at 0x74880000 of 64 bytes failed: Only part of a ReadProcessMemory or WriteProcessMemory request was completed. (0x12B)
[0703/095208:WARNING:pe_image_reader.cc(280)] could not read dos header from C:\WINDOWS\SYSTEM32\shcore.dll
[0703/095208:ERROR:process_reader_win.cc(232)] ReadMemory at 0x74830000 of 64 bytes failed: Only part of a ReadProcessMemory or WriteProcessMemory request was completed. (0x12B)
[0703/095208:WARNING:pe_image_reader.cc(280)] could not read dos header from C:\WINDOWS\SYSTEM32\powrprof.dll
[0703/095208:ERROR:process_reader_win.cc(232)] ReadMemory at 0x756b0000 of 64 bytes failed: Only part of a ReadProcessMemory or WriteProcessMemory request was completed. (0x12B)
[0703/095208:WARNING:pe_image_reader.cc(280)] could not read dos header from C:\WINDOWS\SYSTEM32\windows.storage.dll
[0703/095208:ERROR:process_reader_win.cc(232)] ReadMemory at 0x76000000 of 64 bytes failed: Only part of a ReadProcessMemory or WriteProcessMemory request was completed. (0x12B)
[0703/095208:WARNING:pe_image_reader.cc(280)] could not read dos header from C:\WINDOWS\SYSTEM32\SHELL32.dll
[0703/095208:ERROR:process_reader_win.cc(232)] ReadMemory at 0x75db0000 of 64 bytes failed: Only part of a ReadProcessMemory or WriteProcessMemory request was completed. (0x12B)
[0703/095208:WARNING:pe_image_reader.cc(280)] could not read dos header from C:\WINDOWS\SYSTEM32\PSAPI.DLL
[0703/095208:ERROR:process_reader_win.cc(232)] ReadMemory at 0x734f0000 of 64 bytes failed: Only part of a ReadProcessMemory or WriteProcessMemory request was completed. (0x12B)
[0703/095208:WARNING:pe_image_reader.cc(280)] could not read dos header from C:\WINDOWS\SYSTEM32\bcrypt.dll
[0703/095208:ERROR:process_reader_win.cc(232)] ReadMemory at 0x71060000 of 64 bytes failed: Only part of a ReadProcessMemory or WriteProcessMemory request was completed. (0x12B)
[0703/095208:WARNING:pe_image_reader.cc(280)] could not read dos header from C:\WINDOWS\SYSTEM32\WINSPOOL.DRV
[0703/095208:ERROR:process_reader_win.cc(232)] ReadMemory at 0x6dea0000 of 64 bytes failed: Only part of a ReadProcessMemory or WriteProcessMemory request was completed. (0x12B)
[0703/095208:WARNING:pe_image_reader.cc(280)] could not read dos header from C:\WINDOWS\WinSxS\x86_microsoft.windows.common-controls_6595b64144ccf1df_6.0.10586.0_none_d3c2e4e965da4528\COMCTL32.dll
[0703/095208:ERROR:process_reader_win.cc(232)] ReadMemory at 0x74fd0000 of 64 bytes failed: Only part of a ReadProcessMemory or WriteProcessMemory request was completed. (0x12B)
[0703/095208:WARNING:pe_image_reader.cc(280)] could not read dos header from C:\WINDOWS\SYSTEM32\FirewallAPI.dll
[0703/095208:ERROR:process_reader_win.cc(232)] ReadMemory at 0x71620000 of 64 bytes failed: Only part of a ReadProcessMemory or WriteProcessMemory request was completed. (0x12B)
[0703/095208:WARNING:pe_image_reader.cc(280)] could not read dos header from C:\WINDOWS\SYSTEM32\fwbase.dll
[0703/095208:ERROR:process_reader_win.cc(232)] ReadMemory at 0x75f80000 of 64 bytes failed: Only part of a ReadProcessMemory or WriteProcessMemory request was completed. (0x12B)
[0703/095208:WARNING:pe_image_reader.cc(280)] could not read dos header from C:\WINDOWS\SYSTEM32\NETAPI32.dll
[0703/095208:ERROR:process_reader_win.cc(232)] ReadMemory at 0x71650000 of 64 bytes failed: Only part of a ReadProcessMemory or WriteProcessMemory request was completed. (0x12B)
[0703/095208:WARNING:pe_image_reader.cc(280)] could not read dos header from C:\WINDOWS\SYSTEM32\DAVHLPR.DLL
[0703/095208:ERROR:process_reader_win.cc(232)] ReadMemory at 0x752f0000 of 64 bytes failed: Only part of a ReadProcessMemory or WriteProcessMemory request was completed. (0x12B)
[0703/095208:WARNING:pe_image_reader.cc(280)] could not read dos header from C:\WINDOWS\SYSTEM32\COMDLG32.dll
[0703/095208:ERROR:process_reader_win.cc(232)] ReadMemory at 0x75e90000 of 64 bytes failed: Only part of a ReadProcessMemory or WriteProcessMemory request was completed. (0x12B)
[0703/095208:WARNING:pe_image_reader.cc(280)] could not read dos header from C:\WINDOWS\SYSTEM32\ole32.dll
[0703/095208:ERROR:process_reader_win.cc(232)] ReadMemory at 0x75610000 of 64 bytes failed: Only part of a ReadProcessMemory or WriteProcessMemory request was completed. (0x12B)
[0703/095208:WARNING:pe_image_reader.cc(280)] could not read dos header from C:\WINDOWS\SYSTEM32\OLEAUT32.dll
[0703/095208:ERROR:process_reader_win.cc(232)] ReadMemory at 0x73a60000 of 64 bytes failed: Only part of a ReadProcessMemory or WriteProcessMemory request was completed. (0x12B)
[0703/095208:WARNING:pe_image_reader.cc(280)] could not read dos header from C:\WINDOWS\SYSTEM32\IPHLPAPI.DLL
[0703/095208:ERROR:process_reader_win.cc(232)] ReadMemory at 0x74da0000 of 64 bytes failed: Only part of a ReadProcessMemory or WriteProcessMemory request was completed. (0x12B)
[0703/095208:WARNING:pe_image_reader.cc(280)] could not read dos header from C:\WINDOWS\SYSTEM32\WS2_32.dll
[0703/095208:ERROR:process_reader_win.cc(232)] ReadMemory at 0x69630000 of 64 bytes failed: Only part of a ReadProcessMemory or WriteProcessMemory request was completed. (0x12B)
[0703/095208:WARNING:pe_image_reader.cc(280)] could not read dos header from C:\WINDOWS\SYSTEM32\USP10.dll
[0703/095208:ERROR:process_reader_win.cc(232)] ReadMemory at 0x75540000 of 64 bytes failed: Only part of a ReadProcessMemory or WriteProcessMemory request was completed. (0x12B)
[0703/095208:WARNING:pe_image_reader.cc(280)] could not read dos header from C:\WINDOWS\SYSTEM32\MSASN1.dll
[0703/095208:ERROR:process_reader_win.cc(232)] ReadMemory at 0x75170000 of 64 bytes failed: Only part of a ReadProcessMemory or WriteProcessMemory request was completed. (0x12B)
[0703/095208:WARNING:pe_image_reader.cc(280)] could not read dos header from C:\WINDOWS\SYSTEM32\CRYPT32.dll
[0703/095208:ERROR:process_reader_win.cc(232)] ReadMemory at 0x75120000 of 64 bytes failed: Only part of a ReadProcessMemory or WriteProcessMemory request was completed. (0x12B)
[0703/095208:WARNING:pe_image_reader.cc(280)] could not read dos header from C:\WINDOWS\SYSTEM32\WINTRUST.dll
[0703/095208:ERROR:process_reader_win.cc(232)] ReadMemory at 0x72200000 of 64 bytes failed: Only part of a ReadProcessMemory or WriteProcessMemory request was completed. (0x12B)
[0703/095208:WARNING:pe_image_reader.cc(280)] could not read dos header from C:\WINDOWS\SYSTEM32\Secur32.dll
[0703/095208:ERROR:process_reader_win.cc(232)] ReadMemory at 0x60d80000 of 64 bytes failed: Only part of a ReadProcessMemory or WriteProcessMemory request was completed. (0x12B)
[0703/095208:WARNING:pe_image_reader.cc(280)] could not read dos header from C:\Program Files (x86)\Google\Chrome\Application\51.0.2704.103\chrome_child.dll
[0703/095208:ERROR:process_reader_win.cc(232)] ReadMemory at 0x671e0000 of 64 bytes failed: Only part of a ReadProcessMemory or WriteProcessMemory request was completed. (0x12B)
[0703/095208:WARNING:pe_image_reader.cc(280)] could not read dos header from C:\Program Files\AVAST Software\Avast\aswJsFlt.dll
[0703/095208:ERROR:process_reader_win.cc(232)] ReadMemory at 0x73f50000 of 64 bytes failed: Only part of a ReadProcessMemory or WriteProcessMemory request was completed. (0x12B)
[0703/095208:WARNING:pe_image_reader.cc(280)] could not read dos header from C:\WINDOWS\WinSxS\x86_avast.vc110.crt_2036b14a11e83e4a_11.0.60610.1_none_1d37a43bbfe1dc9c\MSVCR110.dll
[0703/095208:ERROR:process_reader_win.cc(232)] ReadMemory at 0x73ef0000 of 64 bytes failed: Only part of a ReadProcessMemory or WriteProcessMemory request was completed. (0x12B)
[0703/095208:WARNING:pe_image_reader.cc(280)] could not read dos header from C:\PROGRA~1\AVASTS~1\Avast\aswCmnIS.dll
[0703/095208:ERROR:process_reader_win.cc(232)] ReadMemory at 0x74030000 of 64 bytes failed: Only part of a ReadProcessMemory or WriteProcessMemory request was completed. (0x12B)
[0703/095208:WARNING:pe_image_reader.cc(280)] could not read dos header from C:\WINDOWS\WinSxS\x86_avast.vc110.crt_2036b14a11e83e4a_11.0.60610.1_none_1d37a43bbfe1dc9c\MSVCP110.dll
[0703/095208:ERROR:process_reader_win.cc(232)] ReadMemory at 0x73ec0000 of 64 bytes failed: Only part of a ReadProcessMemory or WriteProcessMemory request was completed. (0x12B)
[0703/095208:WARNING:pe_image_reader.cc(280)] could not read dos header from C:\PROGRA~1\AVASTS~1\Avast\aswCmnOS.dll
[0703/095208:ERROR:process_reader_win.cc(232)] ReadMemory at 0x740e0000 of 64 bytes failed: Only part of a ReadProcessMemory or WriteProcessMemory request was completed. (0x12B)
[0703/095208:WARNING:pe_image_reader.cc(280)] could not read dos header from C:\PROGRA~1\AVASTS~1\Avast\aswCmnBS.dll
[0703/095208:ERROR:process_reader_win.cc(232)] ReadMemory at 0x742d0000 of 64 bytes failed: Only part of a ReadProcessMemory or WriteProcessMemory request was completed. (0x12B)
[0703/095208:WARNING:pe_image_reader.cc(280)] could not read dos header from C:\WINDOWS\SYSTEM32\SETUPAPI.dll
[0703/095208:ERROR:process_reader_win.cc(232)] ReadMemory at 0x740c0000 of 64 bytes failed: Only part of a ReadProcessMemory or WriteProcessMemory request was completed. (0x12B)
[0703/095208:WARNING:pe_image_reader.cc(280)] could not read dos header from C:\PROGRA~1\AVASTS~1\Avast\log.dll
[0703/095208:ERROR:process_reader_win.cc(232)] ReadMemory at 0x75550000 of 64 bytes failed: Only part of a ReadProcessMemory or WriteProcessMemory request was completed. (0x12B)
[0703/095208:WARNING:pe_image_reader.cc(280)] could not read dos header from C:\WINDOWS\SYSTEM32\NSI.dll
[0703/095208:ERROR:process_reader_win.cc(232)] ReadMemory at 0x73930000 of 64 bytes failed: Only part of a ReadProcessMemory or WriteProcessMemory request was completed. (0x12B)
[0703/095208:WARNING:pe_image_reader.cc(280)] could not read dos header from C:\WINDOWS\SYSTEM32\DNSAPI.dll
[0703/095208:ERROR:process_reader_win.cc(232)] ReadMemory at 0x73d10000 of 64 bytes failed: Only part of a ReadProcessMemory or WriteProcessMemory request was completed. (0x12B)
[0703/095208:WARNING:pe_image_reader.cc(280)] could not read dos header from C:\PROGRA~1\AVASTS~1\Avast\commchannel.dll
[0703/095208:ERROR:process_reader_win.cc(232)] ReadMemory at 0x73150000 of 64 bytes failed: Only part of a ReadProcessMemory or WriteProcessMemory request was completed. (0x12B)
[0703/095208:WARNING:pe_image_reader.cc(280)] could not read dos header from C:\PROGRA~1\AVASTS~1\Avast\JsonRpcServer.dll
[0703/095208:ERROR:process_reader_win.cc(232)] ReadMemory at 0x73850000 of 64 bytes failed: Only part of a ReadProcessMemory or WriteProcessMemory request was completed. (0x12B)
[0703/095208:WARNING:pe_image_reader.cc(280)] could not read dos header from C:\WINDOWS\SYSTEM32\rasman.dll
[0703/095208:ERROR:process_reader_win.cc(232)] ReadMemory at 0x73880000 of 64 bytes failed: Only part of a ReadProcessMemory or WriteProcessMemory request was completed. (0x12B)
[0703/095208:WARNING:pe_image_reader.cc(280)] could not read dos header from C:\WINDOWS\SYSTEM32\RASAPI32.dll
[0703/095208:ERROR:process_reader_win.cc(232)] ReadMemory at 0x73cf0000 of 64 bytes failed: Only part of a ReadProcessMemory or WriteProcessMemory request was completed. (0x12B)
[0703/095208:WARNING:pe_image_reader.cc(280)] could not read dos header from C:\PROGRA~1\AVASTS~1\Avast\avastIP.dll
[0703/095208:ERROR:process_reader_win.cc(232)] ReadMemory at 0x72e00000 of 64 bytes failed: Only part of a ReadProcessMemory or WriteProcessMemory request was completed. (0x12B)
[0703/095208:WARNING:pe_image_reader.cc(280)] could not read dos header from C:\PROGRA~1\AVASTS~1\Avast\AavmRpch.dll
[0703/095208:ERROR:process_reader_win.cc(232)] ReadMemory at 0x73db0000 of 64 bytes failed: Only part of a ReadProcessMemory or WriteProcessMemory request was completed. (0x12B)
[0703/095208:WARNING:pe_image_reader.cc(280)] could not read dos header from C:\WINDOWS\SYSTEM32\WSOCK32.dll
[0703/095208:ERROR:process_reader_win.cc(232)] ReadMemory at 0x73cd0000 of 64 bytes failed: Only part of a ReadProcessMemory or WriteProcessMemory request was completed. (0x12B)
[0703/095208:WARNING:pe_image_reader.cc(280)] could not read dos header from C:\PROGRA~1\AVASTS~1\Avast\aswEngLdr.dll
[0703/095208:ERROR:process_reader_win.cc(232)] ReadMemory at 0x73a90000 of 64 bytes failed: Only part of a ReadProcessMemory or WriteProcessMemory request was completed. (0x12B)
[0703/095208:WARNING:pe_image_reader.cc(280)] could not read dos header from C:\WINDOWS\SYSTEM32\WININET.dll
[0703/095208:ERROR:process_reader_win.cc(232)] ReadMemory at 0x73dc0000 of 64 bytes failed: Only part of a ReadProcessMemory or WriteProcessMemory request was completed. (0x12B)
[0703/095208:WARNING:pe_image_reader.cc(280)] could not read dos header from C:\PROGRA~1\AVASTS~1\Avast\ashBase.dll
[0703/095208:ERROR:process_reader_win.cc(232)] ReadMemory at 0x72ee0000 of 64 bytes failed: Only part of a ReadProcessMemory or WriteProcessMemory request was completed. (0x12B)
[0703/095208:WARNING:pe_image_reader.cc(280)] could not read dos header from C:\PROGRA~1\AVASTS~1\Avast\aswAux.dll
[0703/095208:ERROR:process_reader_win.cc(232)] ReadMemory at 0x72fd0000 of 64 bytes failed: Only part of a ReadProcessMemory or WriteProcessMemory request was completed. (0x12B)
[0703/095208:WARNING:pe_image_reader.cc(280)] could not read dos header from C:\PROGRA~1\AVASTS~1\Avast\ashTask.dll
[0703/095208:ERROR:process_reader_win.cc(232)] ReadMemory at 0x72dd0000 of 64 bytes failed: Only part of a ReadProcessMemory or WriteProcessMemory request was completed. (0x12B)
[0703/095208:WARNING:pe_image_reader.cc(280)] could not read dos header from C:\WINDOWS\SYSTEM32\NETUTILS.DLL
[0703/095208:ERROR:process_reader_win.cc(232)] ReadMemory at 0x72db0000 of 64 bytes failed: Only part of a ReadProcessMemory or WriteProcessMemory request was completed. (0x12B)
[0703/095208:WARNING:pe_image_reader.cc(280)] could not read dos header from C:\WINDOWS\SYSTEM32\SRVCLI.DLL
[0703/095208:ERROR:process_reader_win.cc(232)] ReadMemory at 0x73170000 of 64 bytes failed: Only part of a ReadProcessMemory or WriteProcessMemory request was completed. (0x12B)
[0703/095208:WARNING:pe_image_reader.cc(280)] could not read dos header from C:\PROGRA~1\AVASTS~1\Avast\Aavm4h.dll
[0703/095208:ERROR:process_reader_win.cc(232)] ReadMemory at 0x67480000 of 64 bytes failed: Only part of a ReadProcessMemory or WriteProcessMemory request was completed. (0x12B)
[0703/095208:WARNING:pe_image_reader.cc(280)] could not read dos header from C:\WINDOWS\SYSTEM32\dwrite.dll
[0703/095208:ERROR:process_reader_win.cc(232)] ReadMemory at 0x7752ab80 of 5888 bytes failed: Only part of a ReadProcessMemory or WriteProcessMemory request was completed. (0x12B)
[0703/095208:ERROR:process_reader_win.cc(232)] ReadMemory at 0xad0000 of 64 bytes failed: Only part of a ReadProcessMemory or WriteProcessMemory request was completed. (0x12B)
[0703/095208:WARNING:pe_image_reader.cc(280)] could not read dos header from C:\Program Files (x86)\Google\Chrome\Application\chrome.exe
[0703/095208:ERROR:process_reader_win.cc(232)] ReadMemory at 0x77420000 of 64 bytes failed: Only part of a ReadProcessMemory or WriteProcessMemory request was completed. (0x12B)
[0703/095208:WARNING:pe_image_reader.cc(280)] could not read dos header from C:\WINDOWS\SYSTEM32\ntdll.dll
[0703/095208:ERROR:process_reader_win.cc(232)] ReadMemory at 0x74bf0000 of 64 bytes failed: Only part of a ReadProcessMemory or WriteProcessMemory request was completed. (0x12B)
[0703/095208:WARNING:pe_image_reader.cc(280)] could not read dos header from C:\WINDOWS\SYSTEM32\KERNELBASE.dll
[0703/095208:ERROR:process_reader_win.cc(232)] ReadMemory at 0x75030000 of 64 bytes failed: Only part of a ReadProcessMemory or WriteProcessMemory request was completed. (0x12B)
[0703/095208:WARNING:pe_image_reader.cc(280)] could not read dos header from C:\WINDOWS\SYSTEM32\KERNEL32.dll
[0703/095208:ERROR:process_reader_win.cc(232)] ReadMemory at 0x67240000 of 64 bytes failed: Only part of a ReadProcessMemory or WriteProcessMemory request was completed. (0x12B)
[0703/095208:WARNING:pe_image_reader.cc(280)] could not read dos header from C:\Program Files\AVAST Software\Avast\snxhk.dll
[0703/095208:ERROR:process_reader_win.cc(232)] ReadMemory at 0x71420000 of 64 bytes failed: Only part of a ReadProcessMemory or WriteProcessMemory request was completed. (0x12B)
[0703/095208:WARNING:pe_image_reader.cc(280)] could not read dos header from C:\WINDOWS\system32\apphelp.dll
[0703/095208:ERROR:process_reader_win.cc(232)] ReadMemory at 0x74170000 of 64 bytes failed: Only part of a ReadProcessMemory or WriteProcessMemory request was completed. (0x12B)
[0703/095208:WARNING:pe_image_reader.cc(280)] could not read dos header from C:\WINDOWS\SYSTEM32\msvcrt.dll
[0703/095208:ERROR:process_reader_win.cc(232)] ReadMemory at 0x74b10000 of 64 bytes failed: Only part of a ReadProcessMemory or WriteProcessMemory request was completed. (0x12B)
[0703/095208:WARNING:pe_image_reader.cc(280)] could not read dos header from C:\WINDOWS\SYSTEM32\bcryptPrimitives.dll
[0703/095208:ERROR:process_reader_win.cc(232)] ReadMemory at 0x74140000 of 64 bytes failed: Only part of a ReadProcessMemory or WriteProcessMemory request was completed. (0x12B)
[0703/095208:WARNING:pe_image_reader.cc(280)] could not read dos header from C:\WINDOWS\SYSTEM32\CRYPTBASE.dll
[0703/095208:ERROR:process_reader_win.cc(232)] ReadMemory at 0x74150000 of 64 bytes failed: Only part of a ReadProcessMemory or WriteProcessMemory request was completed. (0x12B)
[0703/095208:WARNING:pe_image_reader.cc(280)] could not read dos header from C:\WINDOWS\SYSTEM32\SspiCli.dll
[0703/095208:ERROR:process_reader_win.cc(232)] ReadMemory at 0x74e00000 of 64 bytes failed: Only part of a ReadProcessMemory or WriteProcessMemory request was completed. (0x12B)
[0703/095208:WARNING:pe_image_reader.cc(280)] could not read dos header from C:\WINDOWS\SYSTEM32\RPCRT4.dll
[0703/095208:ERROR:process_reader_win.cc(232)] ReadMemory at 0x75560000 of 64 bytes failed: Only part of a ReadProcessMemory or WriteProcessMemory request was completed. (0x12B)
[0703/095208:WARNING:pe_image_reader.cc(280)] could not read dos header from C:\WINDOWS\SYSTEM32\sechost.dll
[0703/095208:ERROR:process_reader_win.cc(232)] ReadMemory at 0x74b70000 of 64 bytes failed: Only part of a ReadProcessMemory or WriteProcessMemory request was completed. (0x12B)
[0703/095208:WARNING:pe_image_reader.cc(280)] could not read dos header from C:\WINDOWS\SYSTEM32\ADVAPI32.dll
[0703/095208:ERROR:process_reader_win.cc(232)] ReadMemory at 0x68c90000 of 64 bytes failed: Only part of a ReadProcessMemory or WriteProcessMemory request was completed. (0x12B)
[0703/095208:WARNING:pe_image_reader.cc(280)] could not read dos header from C:\Program Files (x86)\Google\Chrome\Application\51.0.2704.103\chrome_elf.dll
[0703/095208:ERROR:process_reader_win.cc(232)] ReadMemory at 0x73cc0000 of 64 bytes failed: Only part of a ReadProcessMemory or WriteProcessMemory request was completed. (0x12B)
[0703/095208:WARNING:pe_image_reader.cc(280)] could not read dos header from C:\WINDOWS\SYSTEM32\VERSION.dll
[0703/095208:ERROR:process_reader_win.cc(232)] ReadMemory at 0x75bb0000 of 64 bytes failed: Only part of a ReadProcessMemory or WriteProcessMemory request was completed. (0x12B)
[0703/095208:WARNING:pe_image_reader.cc(280)] could not read dos header from C:\WINDOWS\SYSTEM32\cfgmgr32.dll
[0703/095208:ERROR:process_reader_win.cc(232)] ReadMemory at 0x69600000 of 64 bytes failed: Only part of a ReadProcessMemory or WriteProcessMemory request was completed. (0x12B)
[0703/095208:WARNING:pe_image_reader.cc(280)] could not read dos header from C:\WINDOWS\SYSTEM32\WINMMBASE.dll
[0703/095208:ERROR:process_reader_win.cc(232)] ReadMemory at 0x746e0000 of 64 bytes failed: Only part of a ReadProcessMemory or WriteProcessMemory request was completed. (0x12B)
[0703/095208:WARNING:pe_image_reader.cc(280)] could not read dos header from C:\WINDOWS\SYSTEM32\GDI32.dll
[0703/095208:ERROR:process_reader_win.cc(232)] ReadMemory at 0x753f0000 of 64 bytes failed: Only part of a ReadProcessMemory or WriteProcessMemory request was completed. (0x12B)
[0703/095208:WARNING:pe_image_reader.cc(280)] could not read dos header from C:\WINDOWS\SYSTEM32\USER32.dll
[0703/095208:ERROR:process_reader_win.cc(232)] ReadMemory at 0x74d70000 of 64 bytes failed: Only part of a ReadProcessMemory or WriteProcessMemory request was completed. (0x12B)
[0703/095208:WARNING:pe_image_reader.cc(280)] could not read dos header from C:\WINDOWS\SYSTEM32\IMM32.DLL
[0703/095208:ERROR:process_reader_win.cc(232)] ReadMemory at 0x69650000 of 64 bytes failed: Only part of a ReadProcessMemory or WriteProcessMemory request was completed. (0x12B)
[0703/095208:WARNING:pe_image_reader.cc(280)] could not read dos header from C:\WINDOWS\SYSTEM32\WINMM.dll
[0703/095208:ERROR:process_reader_win.cc(232)] ReadMemory at 0x77400000 of 64 bytes failed: Only part of a ReadProcessMemory or WriteProcessMemory request was completed. (0x12B)
[0703/095208:WARNING:pe_image_reader.cc(280)] could not read dos header from C:\WINDOWS\SYSTEM32\profapi.dll
[0703/095208:ERROR:process_reader_win.cc(232)] ReadMemory at 0x72de0000 of 64 bytes failed: Only part of a ReadProcessMemory or WriteProcessMemory request was completed. (0x12B)
[0703/095208:WARNING:pe_image_reader.cc(280)] could not read dos header from C:\WINDOWS\SYSTEM32\USERENV.dll
[0703/095208:ERROR:process_reader_win.cc(232)] ReadMemory at 0x72040000 of 64 bytes failed: Only part of a ReadProcessMemory or WriteProcessMemory request was completed. (0x12B)
[0703/095208:WARNING:pe_image_reader.cc(280)] could not read dos header from C:\WINDOWS\SYSTEM32\WTSAPI32.dll
[0703/095208:ERROR:process_reader_win.cc(232)] ReadMemory at 0x739c0000 of 64 bytes failed: Only part of a ReadProcessMemory or WriteProcessMemory request was completed. (0x12B)
[0703/095208:WARNING:pe_image_reader.cc(280)] could not read dos header from C:\WINDOWS\SYSTEM32\WINHTTP.dll
[0703/095208:ERROR:process_reader_win.cc(232)] ReadMemory at 0x75bf0000 of 64 bytes failed: Only part of a ReadProcessMemory or WriteProcessMemory request was completed. (0x12B)
[0703/095208:WARNING:pe_image_reader.cc(280)] could not read dos header from C:\WINDOWS\SYSTEM32\combase.dll
[0703/095208:ERROR:process_reader_win.cc(232)] ReadMemory at 0x75e40000 of 64 bytes failed: Only part of a ReadProcessMemory or WriteProcessMemory request was completed. (0x12B)
[0703/095208:WARNING:pe_image_reader.cc(280)] could not read dos header from C:\WINDOWS\SYSTEM32\shlwapi.dll
[0703/095208:ERROR:process_reader_win.cc(232)] ReadMemory at 0x75110000 of 64 bytes failed: Only part of a ReadProcessMemory or WriteProcessMemory request was completed. (0x12B)
[0703/095208:WARNING:pe_image_reader.cc(280)] could not read dos header from C:\WINDOWS\SYSTEM32\kernel.appcore.dll
[0703/095208:ERROR:process_reader_win.cc(232)] ReadMemory at 0x74880000 of 64 bytes failed: Only part of a ReadProcessMemory or WriteProcessMemory request was completed. (0x12B)
[0703/095208:WARNING:pe_image_reader.cc(280)] could not read dos header from C:\WINDOWS\SYSTEM32\shcore.dll
[0703/095208:ERROR:process_reader_win.cc(232)] ReadMemory at 0x74830000 of 64 bytes failed: Only part of a ReadProcessMemory or WriteProcessMemory request was completed. (0x12B)
[0703/095208:WARNING:pe_image_reader.cc(280)] could not read dos header from C:\WINDOWS\SYSTEM32\powrprof.dll
[0703/095208:ERROR:process_reader_win.cc(232)] ReadMemory at 0x756b0000 of 64 bytes failed: Only part of a ReadProcessMemory or WriteProcessMemory request was completed. (0x12B)
[0703/095208:WARNING:pe_image_reader.cc(280)] could not read dos header from C:\WINDOWS\SYSTEM32\windows.storage.dll
[0703/095208:ERROR:process_reader_win.cc(232)] ReadMemory at 0x76000000 of 64 bytes failed: Only part of a ReadProcessMemory or WriteProcessMemory request was completed. (0x12B)
[0703/095208:WARNING:pe_image_reader.cc(280)] could not read dos header from C:\WINDOWS\SYSTEM32\SHELL32.dll
[0703/095208:ERROR:process_reader_win.cc(232)] ReadMemory at 0x75db0000 of 64 bytes failed: Only part of a ReadProcessMemory or WriteProcessMemory request was completed. (0x12B)
[0703/095208:WARNING:pe_image_reader.cc(280)] could not read dos header from C:\WINDOWS\SYSTEM32\PSAPI.DLL
[0703/095208:ERROR:process_reader_win.cc(232)] ReadMemory at 0x734f0000 of 64 bytes failed: Only part of a ReadProcessMemory or WriteProcessMemory request was completed. (0x12B)
[0703/095208:WARNING:pe_image_reader.cc(280)] could not read dos header from C:\WINDOWS\SYSTEM32\bcrypt.dll
[0703/095208:ERROR:process_reader_win.cc(232)] ReadMemory at 0x71060000 of 64 bytes failed: Only part of a ReadProcessMemory or WriteProcessMemory request was completed. (0x12B)
[0703/095208:WARNING:pe_image_reader.cc(280)] could not read dos header from C:\WINDOWS\SYSTEM32\WINSPOOL.DRV
[0703/095208:ERROR:process_reader_win.cc(232)] ReadMemory at 0x6dea0000 of 64 bytes failed: Only part of a ReadProcessMemory or WriteProcessMemory request was completed. (0x12B)
[0703/095208:WARNING:pe_image_reader.cc(280)] could not read dos header from C:\WINDOWS\WinSxS\x86_microsoft.windows.common-controls_6595b64144ccf1df_6.0.10586.0_none_d3c2e4e965da4528\COMCTL32.dll
[0703/095208:ERROR:process_reader_win.cc(232)] ReadMemory at 0x74fd0000 of 64 bytes failed: Only part of a ReadProcessMemory or WriteProcessMemory request was completed. (0x12B)
[0703/095208:WARNING:pe_image_reader.cc(280)] could not read dos header from C:\WINDOWS\SYSTEM32\FirewallAPI.dll
[0703/095208:ERROR:process_reader_win.cc(232)] ReadMemory at 0x71620000 of 64 bytes failed: Only part of a ReadProcessMemory or WriteProcessMemory request was completed. (0x12B)
[0703/095208:WARNING:pe_image_reader.cc(280)] could not read dos header from C:\WINDOWS\SYSTEM32\fwbase.dll
[0703/095208:ERROR:process_reader_win.cc(232)] ReadMemory at 0x75f80000 of 64 bytes failed: Only part of a ReadProcessMemory or WriteProcessMemory request was completed. (0x12B)
[0703/095208:WARNING:pe_image_reader.cc(280)] could not read dos header from C:\WINDOWS\SYSTEM32\NETAPI32.dll
[0703/095208:ERROR:process_reader_win.cc(232)] ReadMemory at 0x71650000 of 64 bytes failed: Only part of a ReadProcessMemory or WriteProcessMemory request was completed. (0x12B)
[0703/095208:WARNING:pe_image_reader.cc(280)] could not read dos header from C:\WINDOWS\SYSTEM32\DAVHLPR.DLL
[0703/095208:ERROR:process_reader_win.cc(232)] ReadMemory at 0x752f0000 of 64 bytes failed: Only part of a ReadProcessMemory or WriteProcessMemory request was completed. (0x12B)
[0703/095208:WARNING:pe_image_reader.cc(280)] could not read dos header from C:\WINDOWS\SYSTEM32\COMDLG32.dll
[0703/095208:ERROR:process_reader_win.cc(232)] ReadMemory at 0x75e90000 of 64 bytes failed: Only part of a ReadProcessMemory or WriteProcessMemory request was completed. (0x12B)
[0703/095208:WARNING:pe_image_reader.cc(280)] could not read dos header from C:\WINDOWS\SYSTEM32\ole32.dll
[0703/095208:ERROR:process_reader_win.cc(232)] ReadMemory at 0x75610000 of 64 bytes failed: Only part of a ReadProcessMemory or WriteProcessMemory request was completed. (0x12B)
[0703/095208:WARNING:pe_image_reader.cc(280)] could not read dos header from C:\WINDOWS\SYSTEM32\OLEAUT32.dll
[0703/095208:ERROR:process_reader_win.cc(232)] ReadMemory at 0x73a60000 of 64 bytes failed: Only part of a ReadProcessMemory or WriteProcessMemory request was completed. (0x12B)
[0703/095208:WARNING:pe_image_reader.cc(280)] could not read dos header from C:\WINDOWS\SYSTEM32\IPHLPAPI.DLL
[0703/095208:ERROR:process_reader_win.cc(232)] ReadMemory at 0x74da0000 of 64 bytes failed: Only part of a ReadProcessMemory or WriteProcessMemory request was completed. (0x12B)
[0703/095208:WARNING:pe_image_reader.cc(280)] could not read dos header from C:\WINDOWS\SYSTEM32\WS2_32.dll
[0703/095208:ERROR:process_reader_win.cc(232)] ReadMemory at 0x69630000 of 64 bytes failed: Only part of a ReadProcessMemory or WriteProcessMemory request was completed. (0x12B)
[0703/095208:WARNING:pe_image_reader.cc(280)] could not read dos header from C:\WINDOWS\SYSTEM32\USP10.dll
[0703/095208:ERROR:process_reader_win.cc(232)] ReadMemory at 0x75540000 of 64 bytes failed: Only part of a ReadProcessMemory or WriteProcessMemory request was completed. (0x12B)
[0703/095208:WARNING:pe_image_reader.cc(280)] could not read dos header from C:\WINDOWS\SYSTEM32\MSASN1.dll
[0703/095208:ERROR:process_reader_win.cc(232)] ReadMemory at 0x75170000 of 64 bytes failed: Only part of a ReadProcessMemory or WriteProcessMemory request was completed. (0x12B)
[0703/095208:WARNING:pe_image_reader.cc(280)] could not read dos header from C:\WINDOWS\SYSTEM32\CRYPT32.dll
[0703/095208:ERROR:process_reader_win.cc(232)] ReadMemory at 0x75120000 of 64 bytes failed: Only part of a ReadProcessMemory or WriteProcessMemory request was completed. (0x12B)
[0703/095208:WARNING:pe_image_reader.cc(280)] could not read dos header from C:\WINDOWS\SYSTEM32\WINTRUST.dll
[0703/095208:ERROR:process_reader_win.cc(232)] ReadMemory at 0x72200000 of 64 bytes failed: Only part of a ReadProcessMemory or WriteProcessMemory request was completed. (0x12B)
[0703/095208:WARNING:pe_image_reader.cc(280)] could not read dos header from C:\WINDOWS\SYSTEM32\Secur32.dll
[0703/095208:ERROR:process_reader_win.cc(232)] ReadMemory at 0x60d80000 of 64 bytes failed: Only part of a ReadProcessMemory or WriteProcessMemory request was completed. (0x12B)
[0703/095208:WARNING:pe_image_reader.cc(280)] could not read dos header from C:\Program Files (x86)\Google\Chrome\Application\51.0.2704.103\chrome_child.dll
[0703/095208:ERROR:process_reader_win.cc(232)] ReadMemory at 0x671e0000 of 64 bytes failed: Only part of a ReadProcessMemory or WriteProcessMemory request was completed. (0x12B)
[0703/095208:WARNING:pe_image_reader.cc(280)] could not read dos header from C:\Program Files\AVAST Software\Avast\aswJsFlt.dll
[0703/095208:ERROR:process_reader_win.cc(232)] ReadMemory at 0x73f50000 of 64 bytes failed: Only part of a ReadProcessMemory or WriteProcessMemory request was completed. (0x12B)
[0703/095208:WARNING:pe_image_reader.cc(280)] could not read dos header from C:\WINDOWS\WinSxS\x86_avast.vc110.crt_2036b14a11e83e4a_11.0.60610.1_none_1d37a43bbfe1dc9c\MSVCR110.dll
[0703/095208:ERROR:process_reader_win.cc(232)] ReadMemory at 0x73ef0000 of 64 bytes failed: Only part of a ReadProcessMemory or WriteProcessMemory request was completed. (0x12B)
[0703/095208:WARNING:pe_image_reader.cc(280)] could not read dos header from C:\PROGRA~1\AVASTS~1\Avast\aswCmnIS.dll
[0703/095208:ERROR:process_reader_win.cc(232)] ReadMemory at 0x74030000 of 64 bytes failed: Only part of a ReadProcessMemory or WriteProcessMemory request was completed. (0x12B)
[0703/095208:WARNING:pe_image_reader.cc(280)] could not read dos header from C:\WINDOWS\WinSxS\x86_avast.vc110.crt_2036b14a11e83e4a_11.0.60610.1_none_1d37a43bbfe1dc9c\MSVCP110.dll
[0703/095208:ERROR:process_reader_win.cc(232)] ReadMemory at 0x73ec0000 of 64 bytes failed: Only part of a ReadProcessMemory or WriteProcessMemory request was completed. (0x12B)
[0703/095208:WARNING:pe_image_reader.cc(280)] could not read dos header from C:\PROGRA~1\AVASTS~1\Avast\aswCmnOS.dll
[0703/095208:ERROR:process_reader_win.cc(232)] ReadMemory at 0x740e0000 of 64 bytes failed: Only part of a ReadProcessMemory or WriteProcessMemory request was completed. (0x12B)
[0703/095208:WARNING:pe_image_reader.cc(280)] could not read dos header from C:\PROGRA~1\AVASTS~1\Avast\aswCmnBS.dll
[0703/095208:ERROR:process_reader_win.cc(232)] ReadMemory at 0x742d0000 of 64 bytes failed: Only part of a ReadProcessMemory or WriteProcessMemory request was completed. (0x12B)
[0703/095208:WARNING:pe_image_reader.cc(280)] could not read dos header from C:\WINDOWS\SYSTEM32\SETUPAPI.dll
[0703/095208:ERROR:process_reader_win.cc(232)] ReadMemory at 0x740c0000 of 64 bytes failed: Only part of a ReadProcessMemory or WriteProcessMemory request was completed. (0x12B)
[0703/095208:WARNING:pe_image_reader.cc(280)] could not read dos header from C:\PROGRA~1\AVASTS~1\Avast\log.dll
[0703/095208:ERROR:process_reader_win.cc(232)] ReadMemory at 0x75550000 of 64 bytes failed: Only part of a ReadProcessMemory or WriteProcessMemory request was completed. (0x12B)
[0703/095208:WARNING:pe_image_reader.cc(280)] could not read dos header from C:\WINDOWS\SYSTEM32\NSI.dll
[0703/095208:ERROR:process_reader_win.cc(232)] ReadMemory at 0x73930000 of 64 bytes failed: Only part of a ReadProcessMemory or WriteProcessMemory request was completed. (0x12B)
[0703/095208:WARNING:pe_image_reader.cc(280)] could not read dos header from C:\WINDOWS\SYSTEM32\DNSAPI.dll
[0703/095208:ERROR:process_reader_win.cc(232)] ReadMemory at 0x73d10000 of 64 bytes failed: Only part of a ReadProcessMemory or WriteProcessMemory request was completed. (0x12B)
[0703/095208:WARNING:pe_image_reader.cc(280)] could not read dos header from C:\PROGRA~1\AVASTS~1\Avast\commchannel.dll
[0703/095208:ERROR:process_reader_win.cc(232)] ReadMemory at 0x73150000 of 64 bytes failed: Only part of a ReadProcessMemory or WriteProcessMemory request was completed. (0x12B)
[0703/095208:WARNING:pe_image_reader.cc(280)] could not read dos header from C:\PROGRA~1\AVASTS~1\Avast\JsonRpcServer.dll
[0703/095208:ERROR:process_reader_win.cc(232)] ReadMemory at 0x73850000 of 64 bytes failed: Only part of a ReadProcessMemory or WriteProcessMemory request was completed. (0x12B)
[0703/095208:WARNING:pe_image_reader.cc(280)] could not read dos header from C:\WINDOWS\SYSTEM32\rasman.dll
[0703/095208:ERROR:process_reader_win.cc(232)] ReadMemory at 0x73880000 of 64 bytes failed: Only part of a ReadProcessMemory or WriteProcessMemory request was completed. (0x12B)
[0703/095208:WARNING:pe_image_reader.cc(280)] could not read dos header from C:\WINDOWS\SYSTEM32\RASAPI32.dll
[0703/095208:ERROR:process_reader_win.cc(232)] ReadMemory at 0x73cf0000 of 64 bytes failed: Only part of a ReadProcessMemory or WriteProcessMemory request was completed. (0x12B)
[0703/095208:WARNING:pe_image_reader.cc(280)] could not read dos header from C:\PROGRA~1\AVASTS~1\Avast\avastIP.dll
[0703/095208:ERROR:process_reader_win.cc(232)] ReadMemory at 0x72e00000 of 64 bytes failed: Only part of a ReadProcessMemory or WriteProcessMemory request was completed. (0x12B)
[0703/095208:WARNING:pe_image_reader.cc(280)] could not read dos header from C:\PROGRA~1\AVASTS~1\Avast\AavmRpch.dll
[0703/095208:ERROR:process_reader_win.cc(232)] ReadMemory at 0x73db0000 of 64 bytes failed: Only part of a ReadProcessMemory or WriteProcessMemory request was completed. (0x12B)
[0703/095208:WARNING:pe_image_reader.cc(280)] could not read dos header from C:\WINDOWS\SYSTEM32\WSOCK32.dll
[0703/095208:ERROR:process_reader_win.cc(232)] ReadMemory at 0x73cd0000 of 64 bytes failed: Only part of a ReadProcessMemory or WriteProcessMemory request was completed. (0x12B)
[0703/095208:WARNING:pe_image_reader.cc(280)] could not read dos header from C:\PROGRA~1\AVASTS~1\Avast\aswEngLdr.dll
[0703/095208:ERROR:process_reader_win.cc(232)] ReadMemory at 0x73a90000 of 64 bytes failed: Only part of a ReadProcessMemory or WriteProcessMemory request was completed. (0x12B)
[0703/095208:WARNING:pe_image_reader.cc(280)] could not read dos header from C:\WINDOWS\SYSTEM32\WININET.dll
[0703/095208:ERROR:process_reader_win.cc(232)] ReadMemory at 0x73dc0000 of 64 bytes failed: Only part of a ReadProcessMemory or WriteProcessMemory request was completed. (0x12B)
[0703/095208:WARNING:pe_image_reader.cc(280)] could not read dos header from C:\PROGRA~1\AVASTS~1\Avast\ashBase.dll
[0703/095208:ERROR:process_reader_win.cc(232)] ReadMemory at 0x72ee0000 of 64 bytes failed: Only part of a ReadProcessMemory or WriteProcessMemory request was completed. (0x12B)
[0703/095208:WARNING:pe_image_reader.cc(280)] could not read dos header from C:\PROGRA~1\AVASTS~1\Avast\aswAux.dll
[0703/095208:ERROR:process_reader_win.cc(232)] ReadMemory at 0x72fd0000 of 64 bytes failed: Only part of a ReadProcessMemory or WriteProcessMemory request was completed. (0x12B)
[0703/095208:WARNING:pe_image_reader.cc(280)] could not read dos header from C:\PROGRA~1\AVASTS~1\Avast\ashTask.dll
[0703/095208:ERROR:process_reader_win.cc(232)] ReadMemory at 0x72dd0000 of 64 bytes failed: Only part of a ReadProcessMemory or WriteProcessMemory request was completed. (0x12B)
[0703/095208:WARNING:pe_image_reader.cc(280)] could not read dos header from C:\WINDOWS\SYSTEM32\NETUTILS.DLL
[0703/095208:ERROR:process_reader_win.cc(232)] ReadMemory at 0x72db0000 of 64 bytes failed: Only part of a ReadProcessMemory or WriteProcessMemory request was completed. (0x12B)
[0703/095208:WARNING:pe_image_reader.cc(280)] could not read dos header from C:\WINDOWS\SYSTEM32\SRVCLI.DLL
[0703/095208:ERROR:process_reader_win.cc(232)] ReadMemory at 0x73170000 of 64 bytes failed: Only part of a ReadProcessMemory or WriteProcessMemory request was completed. (0x12B)
[0703/095208:WARNING:pe_image_reader.cc(280)] could not read dos header from C:\PROGRA~1\AVASTS~1\Avast\Aavm4h.dll
[0703/095208:ERROR:process_reader_win.cc(232)] ReadMemory at 0x67480000 of 64 bytes failed: Only part of a ReadProcessMemory or WriteProcessMemory request was completed. (0x12B)
[0703/095208:WARNING:pe_image_reader.cc(280)] could not read dos header from C:\WINDOWS\SYSTEM32\dwrite.dll
[0703/095208:ERROR:process_reader_win.cc(98)] process 7992 not found
[0703/095208:ERROR:process_reader_win.cc(232)] ReadMemory at 0xad0000 of 64 bytes failed: Only part of a ReadProcessMemory or WriteProcessMemory request was completed. (0x12B)
[0703/095208:WARNING:pe_image_reader.cc(280)] could not read dos header from C:\Program Files (x86)\Google\Chrome\Application\chrome.exe
[0703/095208:ERROR:process_reader_win.cc(232)] ReadMemory at 0x77420000 of 64 bytes failed: Only part of a ReadProcessMemory or WriteProcessMemory request was completed. (0x12B)
[0703/095208:WARNING:pe_image_reader.cc(280)] could not read dos header from C:\WINDOWS\SYSTEM32\ntdll.dll
[0703/095208:ERROR:process_reader_win.cc(232)] ReadMemory at 0x74bf0000 of 64 bytes failed: Only part of a ReadProcessMemory or WriteProcessMemory request was completed. (0x12B)
[0703/095208:WARNING:pe_image_reader.cc(280)] could not read dos header from C:\WINDOWS\SYSTEM32\KERNELBASE.dll
[0703/095208:ERROR:process_reader_win.cc(232)] ReadMemory at 0x75030000 of 64 bytes failed: Only part of a ReadProcessMemory or WriteProcessMemory request was completed. (0x12B)
[0703/095208:WARNING:pe_image_reader.cc(280)] could not read dos header from C:\WINDOWS\SYSTEM32\KERNEL32.dll
[0703/095208:ERROR:process_reader_win.cc(232)] ReadMemory at 0x67240000 of 64 bytes failed: Only part of a ReadProcessMemory or WriteProcessMemory request was completed. (0x12B)
[0703/095208:WARNING:pe_image_reader.cc(280)] could not read dos header from C:\Program Files\AVAST Software\Avast\snxhk.dll
[0703/095208:ERROR:process_reader_win.cc(232)] ReadMemory at 0x71420000 of 64 bytes failed: Only part of a ReadProcessMemory or WriteProcessMemory request was completed. (0x12B)
[0703/095208:WARNING:pe_image_reader.cc(280)] could not read dos header from C:\WINDOWS\system32\apphelp.dll
[0703/095208:ERROR:process_reader_win.cc(232)] ReadMemory at 0x74170000 of 64 bytes failed: Only part of a ReadProcessMemory or WriteProcessMemory request was completed. (0x12B)
[0703/095208:WARNING:pe_image_reader.cc(280)] could not read dos header from C:\WINDOWS\SYSTEM32\msvcrt.dll
[0703/095208:ERROR:process_reader_win.cc(232)] ReadMemory at 0x74b10000 of 64 bytes failed: Only part of a ReadProcessMemory or WriteProcessMemory request was completed. (0x12B)
[0703/095208:WARNING:pe_image_reader.cc(280)] could not read dos header from C:\WINDOWS\SYSTEM32\bcryptPrimitives.dll
[0703/095208:ERROR:process_reader_win.cc(232)] ReadMemory at 0x74140000 of 64 bytes failed: Only part of a ReadProcessMemory or WriteProcessMemory request was completed. (0x12B)
[0703/095208:WARNING:pe_image_reader.cc(280)] could not read dos header from C:\WINDOWS\SYSTEM32\CRYPTBASE.dll
[0703/095208:ERROR:process_reader_win.cc(232)] ReadMemory at 0x74150000 of 64 bytes failed: Only part of a ReadProcessMemory or WriteProcessMemory request was completed. (0x12B)
[0703/095208:WARNING:pe_image_reader.cc(280)] could not read dos header from C:\WINDOWS\SYSTEM32\SspiCli.dll
[0703/095208:ERROR:process_reader_win.cc(232)] ReadMemory at 0x74e00000 of 64 bytes failed: Only part of a ReadProcessMemory or WriteProcessMemory request was completed. (0x12B)
[0703/095208:WARNING:pe_image_reader.cc(280)] could not read dos header from C:\WINDOWS\SYSTEM32\RPCRT4.dll
[0703/095208:ERROR:process_reader_win.cc(232)] ReadMemory at 0x75560000 of 64 bytes failed: Only part of a ReadProcessMemory or WriteProcessMemory request was completed. (0x12B)
[0703/095208:WARNING:pe_image_reader.cc(280)] could not read dos header from C:\WINDOWS\SYSTEM32\sechost.dll
[0703/095208:ERROR:process_reader_win.cc(232)] ReadMemory at 0x74b70000 of 64 bytes failed: Only part of a ReadProcessMemory or WriteProcessMemory request was completed. (0x12B)
[0703/095208:WARNING:pe_image_reader.cc(280)] could not read dos header from C:\WINDOWS\SYSTEM32\ADVAPI32.dll
[0703/095208:ERROR:process_reader_win.cc(232)] ReadMemory at 0x68c90000 of 64 bytes failed: Only part of a ReadProcessMemory or WriteProcessMemory request was completed. (0x12B)
[0703/095208:WARNING:pe_image_reader.cc(280)] could not read dos header from C:\Program Files (x86)\Google\Chrome\Application\51.0.2704.103\chrome_elf.dll
[0703/095208:ERROR:process_reader_win.cc(232)] ReadMemory at 0x73cc0000 of 64 bytes failed: Only part of a ReadProcessMemory or WriteProcessMemory request was completed. (0x12B)
[0703/095208:WARNING:pe_image_reader.cc(280)] could not read dos header from C:\WINDOWS\SYSTEM32\VERSION.dll
[0703/095208:ERROR:process_reader_win.cc(232)] ReadMemory at 0x75bb0000 of 64 bytes failed: Only part of a ReadProcessMemory or WriteProcessMemory request was completed. (0x12B)
[0703/095208:WARNING:pe_image_reader.cc(280)] could not read dos header from C:\WINDOWS\SYSTEM32\cfgmgr32.dll
[0703/095208:ERROR:process_reader_win.cc(232)] ReadMemory at 0x69600000 of 64 bytes failed: Only part of a ReadProcessMemory or WriteProcessMemory request was completed. (0x12B)
[0703/095208:WARNING:pe_image_reader.cc(280)] could not read dos header from C:\WINDOWS\SYSTEM32\WINMMBASE.dll
[0703/095208:ERROR:process_reader_win.cc(232)] ReadMemory at 0x746e0000 of 64 bytes failed: Only part of a ReadProcessMemory or WriteProcessMemory request was completed. (0x12B)
[0703/095208:WARNING:pe_image_reader.cc(280)] could not read dos header from C:\WINDOWS\SYSTEM32\GDI32.dll
[0703/095208:ERROR:process_reader_win.cc(232)] ReadMemory at 0x753f0000 of 64 bytes failed: Only part of a ReadProcessMemory or WriteProcessMemory request was completed. (0x12B)
[0703/095208:WARNING:pe_image_reader.cc(280)] could not read dos header from C:\WINDOWS\SYSTEM32\USER32.dll
[0703/095208:ERROR:process_reader_win.cc(232)] ReadMemory at 0x74d70000 of 64 bytes failed: Only part of a ReadProcessMemory or WriteProcessMemory request was completed. (0x12B)
[0703/095208:WARNING:pe_image_reader.cc(280)] could not read dos header from C:\WINDOWS\SYSTEM32\IMM32.DLL
[0703/095208:ERROR:process_reader_win.cc(232)] ReadMemory at 0x69650000 of 64 bytes failed: Only part of a ReadProcessMemory or WriteProcessMemory request was completed. (0x12B)
[0703/095208:WARNING:pe_image_reader.cc(280)] could not read dos header from C:\WINDOWS\SYSTEM32\WINMM.dll
[0703/095208:ERROR:process_reader_win.cc(232)] ReadMemory at 0x77400000 of 64 bytes failed: Only part of a ReadProcessMemory or WriteProcessMemory request was completed. (0x12B)
[0703/095208:WARNING:pe_image_reader.cc(280)] could not read dos header from C:\WINDOWS\SYSTEM32\profapi.dll
[0703/095208:ERROR:process_reader_win.cc(232)] ReadMemory at 0x72de0000 of 64 bytes failed: Only part of a ReadProcessMemory or WriteProcessMemory request was completed. (0x12B)
[0703/095208:WARNING:pe_image_reader.cc(280)] could not read dos header from C:\WINDOWS\SYSTEM32\USERENV.dll
[0703/095208:ERROR:process_reader_win.cc(232)] ReadMemory at 0x72040000 of 64 bytes failed: Only part of a ReadProcessMemory or WriteProcessMemory request was completed. (0x12B)
[0703/095208:WARNING:pe_image_reader.cc(280)] could not read dos header from C:\WINDOWS\SYSTEM32\WTSAPI32.dll
[0703/095208:ERROR:process_reader_win.cc(232)] ReadMemory at 0x739c0000 of 64 bytes failed: Only part of a ReadProcessMemory or WriteProcessMemory request was completed. (0x12B)
[0703/095208:WARNING:pe_image_reader.cc(280)] could not read dos header from C:\WINDOWS\SYSTEM32\WINHTTP.dll
[0703/095208:ERROR:process_reader_win.cc(232)] ReadMemory at 0x75bf0000 of 64 bytes failed: Only part of a ReadProcessMemory or WriteProcessMemory request was completed. (0x12B)
[0703/095208:WARNING:pe_image_reader.cc(280)] could not read dos header from C:\WINDOWS\SYSTEM32\combase.dll
[0703/095208:ERROR:process_reader_win.cc(232)] ReadMemory at 0x75e40000 of 64 bytes failed: Only part of a ReadProcessMemory or WriteProcessMemory request was completed. (0x12B)
[0703/095208:WARNING:pe_image_reader.cc(280)] could not read dos header from C:\WINDOWS\SYSTEM32\shlwapi.dll
[0703/095208:ERROR:process_reader_win.cc(232)] ReadMemory at 0x75110000 of 64 bytes failed: Only part of a ReadProcessMemory or WriteProcessMemory request was completed. (0x12B)
[0703/095208:WARNING:pe_image_reader.cc(280)] could not read dos header from C:\WINDOWS\SYSTEM32\kernel.appcore.dll
[0703/095208:ERROR:process_reader_win.cc(232)] ReadMemory at 0x74880000 of 64 bytes failed: Only part of a ReadProcessMemory or WriteProcessMemory request was completed. (0x12B)
[0703/095208:WARNING:pe_image_reader.cc(280)] could not read dos header from C:\WINDOWS\SYSTEM32\shcore.dll
[0703/095208:ERROR:process_reader_win.cc(232)] ReadMemory at 0x74830000 of 64 bytes failed: Only part of a ReadProcessMemory or WriteProcessMemory request was completed. (0x12B)
[0703/095208:WARNING:pe_image_reader.cc(280)] could not read dos header from C:\WINDOWS\SYSTEM32\powrprof.dll
[0703/095208:ERROR:process_reader_win.cc(232)] ReadMemory at 0x756b0000 of 64 bytes failed: Only part of a ReadProcessMemory or WriteProcessMemory request was completed. (0x12B)
[0703/095208:WARNING:pe_image_reader.cc(280)] could not read dos header from C:\WINDOWS\SYSTEM32\windows.storage.dll
[0703/095208:ERROR:process_reader_win.cc(232)] ReadMemory at 0x76000000 of 64 bytes failed: Only part of a ReadProcessMemory or WriteProcessMemory request was completed. (0x12B)
[0703/095208:WARNING:pe_image_reader.cc(280)] could not read dos header from C:\WINDOWS\SYSTEM32\SHELL32.dll
[0703/095208:ERROR:process_reader_win.cc(232)] ReadMemory at 0x75db0000 of 64 bytes failed: Only part of a ReadProcessMemory or WriteProcessMemory request was completed. (0x12B)
[0703/095208:WARNING:pe_image_reader.cc(280)] could not read dos header from C:\WINDOWS\SYSTEM32\PSAPI.DLL
[0703/095208:ERROR:process_reader_win.cc(232)] ReadMemory at 0x734f0000 of 64 bytes failed: Only part of a ReadProcessMemory or WriteProcessMemory request was completed. (0x12B)
[0703/095208:WARNING:pe_image_reader.cc(280)] could not read dos header from C:\WINDOWS\SYSTEM32\bcrypt.dll
[0703/095208:ERROR:process_reader_win.cc(232)] ReadMemory at 0x71060000 of 64 bytes failed: Only part of a ReadProcessMemory or WriteProcessMemory request was completed. (0x12B)
[0703/095208:WARNING:pe_image_reader.cc(280)] could not read dos header from C:\WINDOWS\SYSTEM32\WINSPOOL.DRV
[0703/095208:ERROR:process_reader_win.cc(232)] ReadMemory at 0x6dea0000 of 64 bytes failed: Only part of a ReadProcessMemory or WriteProcessMemory request was completed. (0x12B)
[0703/095208:WARNING:pe_image_reader.cc(280)] could not read dos header from C:\WINDOWS\WinSxS\x86_microsoft.windows.common-controls_6595b64144ccf1df_6.0.10586.0_none_d3c2e4e965da4528\COMCTL32.dll
[0703/095208:ERROR:process_reader_win.cc(232)] ReadMemory at 0x74fd0000 of 64 bytes failed: Only part of a ReadProcessMemory or WriteProcessMemory request was completed. (0x12B)
[0703/095208:WARNING:pe_image_reader.cc(280)] could not read dos header from C:\WINDOWS\SYSTEM32\FirewallAPI.dll
[0703/095208:ERROR:process_reader_win.cc(232)] ReadMemory at 0x71620000 of 64 bytes failed: Only part of a ReadProcessMemory or WriteProcessMemory request was completed. (0x12B)
[0703/095208:WARNING:pe_image_reader.cc(280)] could not read dos header from C:\WINDOWS\SYSTEM32\fwbase.dll
[0703/095208:ERROR:process_reader_win.cc(232)] ReadMemory at 0x75f80000 of 64 bytes failed: Only part of a ReadProcessMemory or WriteProcessMemory request was completed. (0x12B)
[0703/095208:WARNING:pe_image_reader.cc(280)] could not read dos header from C:\WINDOWS\SYSTEM32\NETAPI32.dll
[0703/095208:ERROR:process_reader_win.cc(232)] ReadMemory at 0x71650000 of 64 bytes failed: Only part of a ReadProcessMemory or WriteProcessMemory request was completed. (0x12B)
[0703/095208:WARNING:pe_image_reader.cc(280)] could not read dos header from C:\WINDOWS\SYSTEM32\DAVHLPR.DLL
[0703/095208:ERROR:process_reader_win.cc(232)] ReadMemory at 0x752f0000 of 64 bytes failed: Only part of a ReadProcessMemory or WriteProcessMemory request was completed. (0x12B)
[0703/095208:WARNING:pe_image_reader.cc(280)] could not read dos header from C:\WINDOWS\SYSTEM32\COMDLG32.dll
[0703/095208:ERROR:process_reader_win.cc(232)] ReadMemory at 0x75e90000 of 64 bytes failed: Only part of a ReadProcessMemory or WriteProcessMemory request was completed. (0x12B)
[0703/095208:WARNING:pe_image_reader.cc(280)] could not read dos header from C:\WINDOWS\SYSTEM32\ole32.dll
[0703/095208:ERROR:process_reader_win.cc(232)] ReadMemory at 0x75610000 of 64 bytes failed: Only part of a ReadProcessMemory or WriteProcessMemory request was completed. (0x12B)
[0703/095208:WARNING:pe_image_reader.cc(280)] could not read dos header from C:\WINDOWS\SYSTEM32\OLEAUT32.dll
[0703/095208:ERROR:process_reader_win.cc(232)] ReadMemory at 0x73a60000 of 64 bytes failed: Only part of a ReadProcessMemory or WriteProcessMemory request was completed. (0x12B)
[0703/095208:WARNING:pe_image_reader.cc(280)] could not read dos header from C:\WINDOWS\SYSTEM32\IPHLPAPI.DLL
[0703/095208:ERROR:process_reader_win.cc(232)] ReadMemory at 0x74da0000 of 64 bytes failed: Only part of a ReadProcessMemory or WriteProcessMemory request was completed. (0x12B)
[0703/095208:WARNING:pe_image_reader.cc(280)] could not read dos header from C:\WINDOWS\SYSTEM32\WS2_32.dll
[0703/095208:ERROR:process_reader_win.cc(232)] ReadMemory at 0x69630000 of 64 bytes failed: Only part of a ReadProcessMemory or WriteProcessMemory request was completed. (0x12B)
[0703/095208:WARNING:pe_image_reader.cc(280)] could not read dos header from C:\WINDOWS\SYSTEM32\USP10.dll
[0703/095208:ERROR:process_reader_win.cc(232)] ReadMemory at 0x75540000 of 64 bytes failed: Only part of a ReadProcessMemory or WriteProcessMemory request was completed. (0x12B)
[0703/095208:WARNING:pe_image_reader.cc(280)] could not read dos header from C:\WINDOWS\SYSTEM32\MSASN1.dll
[0703/095208:ERROR:process_reader_win.cc(232)] ReadMemory at 0x75170000 of 64 bytes failed: Only part of a ReadProcessMemory or WriteProcessMemory request was completed. (0x12B)
[0703/095208:WARNING:pe_image_reader.cc(280)] could not read dos header from C:\WINDOWS\SYSTEM32\CRYPT32.dll
[0703/095208:ERROR:process_reader_win.cc(232)] ReadMemory at 0x75120000 of 64 bytes failed: Only part of a ReadProcessMemory or WriteProcessMemory request was completed. (0x12B)
[0703/095208:WARNING:pe_image_reader.cc(280)] could not read dos header from C:\WINDOWS\SYSTEM32\WINTRUST.dll
[0703/095208:ERROR:process_reader_win.cc(232)] ReadMemory at 0x72200000 of 64 bytes failed: Only part of a ReadProcessMemory or WriteProcessMemory request was completed. (0x12B)
[0703/095208:WARNING:pe_image_reader.cc(280)] could not read dos header from C:\WINDOWS\SYSTEM32\Secur32.dll
[0703/095208:ERROR:process_reader_win.cc(232)] ReadMemory at 0x60d80000 of 64 bytes failed: Only part of a ReadProcessMemory or WriteProcessMemory request was completed. (0x12B)
[0703/095208:WARNING:pe_image_reader.cc(280)] could not read dos header from C:\Program Files (x86)\Google\Chrome\Application\51.0.2704.103\chrome_child.dll
[0703/095208:ERROR:process_reader_win.cc(232)] ReadMemory at 0x671e0000 of 64 bytes failed: Only part of a ReadProcessMemory or WriteProcessMemory request was completed. (0x12B)
[0703/095208:WARNING:pe_image_reader.cc(280)] could not read dos header from C:\Program Files\AVAST Software\Avast\aswJsFlt.dll
[0703/095208:ERROR:process_reader_win.cc(232)] ReadMemory at 0x73f50000 of 64 bytes failed: Only part of a ReadProcessMemory or WriteProcessMemory request was completed. (0x12B)
[0703/095208:WARNING:pe_image_reader.cc(280)] could not read dos header from C:\WINDOWS\WinSxS\x86_avast.vc110.crt_2036b14a11e83e4a_11.0.60610.1_none_1d37a43bbfe1dc9c\MSVCR110.dll
[0703/095208:ERROR:process_reader_win.cc(232)] ReadMemory at 0x73ef0000 of 64 bytes failed: Only part of a ReadProcessMemory or WriteProcessMemory request was completed. (0x12B)
[0703/095208:WARNING:pe_image_reader.cc(280)] could not read dos header from C:\PROGRA~1\AVASTS~1\Avast\aswCmnIS.dll
[0703/095208:ERROR:process_reader_win.cc(232)] ReadMemory at 0x74030000 of 64 bytes failed: Only part of a ReadProcessMemory or WriteProcessMemory request was completed. (0x12B)
[0703/095208:WARNING:pe_image_reader.cc(280)] could not read dos header from C:\WINDOWS\WinSxS\x86_avast.vc110.crt_2036b14a11e83e4a_11.0.60610.1_none_1d37a43bbfe1dc9c\MSVCP110.dll
[0703/095208:ERROR:process_reader_win.cc(232)] ReadMemory at 0x73ec0000 of 64 bytes failed: Only part of a ReadProcessMemory or WriteProcessMemory request was completed. (0x12B)
[0703/095208:WARNING:pe_image_reader.cc(280)] could not read dos header from C:\PROGRA~1\AVASTS~1\Avast\aswCmnOS.dll
[0703/095208:ERROR:process_reader_win.cc(232)] ReadMemory at 0x740e0000 of 64 bytes failed: Only part of a ReadProcessMemory or WriteProcessMemory request was completed. (0x12B)
[0703/095208:WARNING:pe_image_reader.cc(280)] could not read dos header from C:\PROGRA~1\AVASTS~1\Avast\aswCmnBS.dll
[0703/095208:ERROR:process_reader_win.cc(232)] ReadMemory at 0x742d0000 of 64 bytes failed: Only part of a ReadProcessMemory or WriteProcessMemory request was completed. (0x12B)
[0703/095208:WARNING:pe_image_reader.cc(280)] could not read dos header from C:\WINDOWS\SYSTEM32\SETUPAPI.dll
[0703/095208:ERROR:process_reader_win.cc(232)] ReadMemory at 0x740c0000 of 64 bytes failed: Only part of a ReadProcessMemory or WriteProcessMemory request was completed. (0x12B)
[0703/095208:WARNING:pe_image_reader.cc(280)] could not read dos header from C:\PROGRA~1\AVASTS~1\Avast\log.dll
[0703/095208:ERROR:process_reader_win.cc(232)] ReadMemory at 0x75550000 of 64 bytes failed: Only part of a ReadProcessMemory or WriteProcessMemory request was completed. (0x12B)
[0703/095208:WARNING:pe_image_reader.cc(280)] could not read dos header from C:\WINDOWS\SYSTEM32\NSI.dll
[0703/095208:ERROR:process_reader_win.cc(232)] ReadMemory at 0x73930000 of 64 bytes failed: Only part of a ReadProcessMemory or WriteProcessMemory request was completed. (0x12B)
[0703/095208:WARNING:pe_image_reader.cc(280)] could not read dos header from C:\WINDOWS\SYSTEM32\DNSAPI.dll
[0703/095208:ERROR:process_reader_win.cc(232)] ReadMemory at 0x73d10000 of 64 bytes failed: Only part of a ReadProcessMemory or WriteProcessMemory request was completed. (0x12B)
[0703/095208:WARNING:pe_image_reader.cc(280)] could not read dos header from C:\PROGRA~1\AVASTS~1\Avast\commchannel.dll
[0703/095208:ERROR:process_reader_win.cc(232)] ReadMemory at 0x73150000 of 64 bytes failed: Only part of a ReadProcessMemory or WriteProcessMemory request was completed. (0x12B)
[0703/095208:WARNING:pe_image_reader.cc(280)] could not read dos header from C:\PROGRA~1\AVASTS~1\Avast\JsonRpcServer.dll
[0703/095208:ERROR:process_reader_win.cc(232)] ReadMemory at 0x73850000 of 64 bytes failed: Only part of a ReadProcessMemory or WriteProcessMemory request was completed. (0x12B)
[0703/095208:WARNING:pe_image_reader.cc(280)] could not read dos header from C:\WINDOWS\SYSTEM32\rasman.dll
[0703/095208:ERROR:process_reader_win.cc(232)] ReadMemory at 0x73880000 of 64 bytes failed: Only part of a ReadProcessMemory or WriteProcessMemory request was completed. (0x12B)
[0703/095208:WARNING:pe_image_reader.cc(280)] could not read dos header from C:\WINDOWS\SYSTEM32\RASAPI32.dll
[0703/095208:ERROR:process_reader_win.cc(232)] ReadMemory at 0x73cf0000 of 64 bytes failed: Only part of a ReadProcessMemory or WriteProcessMemory request was completed. (0x12B)
[0703/095208:WARNING:pe_image_reader.cc(280)] could not read dos header from C:\PROGRA~1\AVASTS~1\Avast\avastIP.dll
[0703/095208:ERROR:process_reader_win.cc(232)] ReadMemory at 0x72e00000 of 64 bytes failed: Only part of a ReadProcessMemory or WriteProcessMemory request was completed. (0x12B)
[0703/095208:WARNING:pe_image_reader.cc(280)] could not read dos header from C:\PROGRA~1\AVASTS~1\Avast\AavmRpch.dll
[0703/095208:ERROR:process_reader_win.cc(232)] ReadMemory at 0x73db0000 of 64 bytes failed: Only part of a ReadProcessMemory or WriteProcessMemory request was completed. (0x12B)
[0703/095208:WARNING:pe_image_reader.cc(280)] could not read dos header from C:\WINDOWS\SYSTEM32\WSOCK32.dll
[0703/095208:ERROR:process_reader_win.cc(232)] ReadMemory at 0x73cd0000 of 64 bytes failed: Only part of a ReadProcessMemory or WriteProcessMemory request was completed. (0x12B)
[0703/095208:WARNING:pe_image_reader.cc(280)] could not read dos header from C:\PROGRA~1\AVASTS~1\Avast\aswEngLdr.dll
[0703/095208:ERROR:process_reader_win.cc(232)] ReadMemory at 0x73a90000 of 64 bytes failed: Only part of a ReadProcessMemory or WriteProcessMemory request was completed. (0x12B)
[0703/095208:WARNING:pe_image_reader.cc(280)] could not read dos header from C:\WINDOWS\SYSTEM32\WININET.dll
[0703/095208:ERROR:process_reader_win.cc(232)] ReadMemory at 0x73dc0000 of 64 bytes failed: Only part of a ReadProcessMemory or WriteProcessMemory request was completed. (0x12B)
[0703/095208:WARNING:pe_image_reader.cc(280)] could not read dos header from C:\PROGRA~1\AVASTS~1\Avast\ashBase.dll
[0703/095208:ERROR:process_reader_win.cc(232)] ReadMemory at 0x72ee0000 of 64 bytes failed: Only part of a ReadProcessMemory or WriteProcessMemory request was completed. (0x12B)
[0703/095208:WARNING:pe_image_reader.cc(280)] could not read dos header from C:\PROGRA~1\AVASTS~1\Avast\aswAux.dll
[0703/095208:ERROR:process_reader_win.cc(232)] ReadMemory at 0x72fd0000 of 64 bytes failed: Only part of a ReadProcessMemory or WriteProcessMemory request was completed. (0x12B)
[0703/095208:WARNING:pe_image_reader.cc(280)] could not read dos header from C:\PROGRA~1\AVASTS~1\Avast\ashTask.dll
[0703/095208:ERROR:process_reader_win.cc(232)] ReadMemory at 0x72dd0000 of 64 bytes failed: Only part of a ReadProcessMemory or WriteProcessMemory request was completed. (0x12B)
[0703/095208:WARNING:pe_image_reader.cc(280)] could not read dos header from C:\WINDOWS\SYSTEM32\NETUTILS.DLL
[0703/095208:ERROR:process_reader_win.cc(232)] ReadMemory at 0x72db0000 of 64 bytes failed: Only part of a ReadProcessMemory or WriteProcessMemory request was completed. (0x12B)
[0703/095208:WARNING:pe_image_reader.cc(280)] could not read dos header from C:\WINDOWS\SYSTEM32\SRVCLI.DLL
[0703/095208:ERROR:process_reader_win.cc(232)] ReadMemory at 0x73170000 of 64 bytes failed: Only part of a ReadProcessMemory or WriteProcessMemory request was completed. (0x12B)
[0703/095208:WARNING:pe_image_reader.cc(280)] could not read dos header from C:\PROGRA~1\AVASTS~1\Avast\Aavm4h.dll
[0703/095208:ERROR:process_reader_win.cc(232)] ReadMemory at 0x67480000 of 64 bytes failed: Only part of a ReadProcessMemory or WriteProcessMemory request was completed. (0x12B)
[0703/095208:WARNING:pe_image_reader.cc(280)] could not read dos header from C:\WINDOWS\SYSTEM32\dwrite.dll
[0703/095208:ERROR:process_reader_win.cc(232)] ReadMemory at 0xb8c374 of 12 bytes failed: Only part of a ReadProcessMemory or WriteProcessMemory request was completed. (0x12B)
[0703/095208:WARNING:process_snapshot_win.cc(102)] ReadMemory ExceptionInformation failed
[0703/095208:WARNING:crash_report_exception_handler.cc(60)] ProcessSnapshotWin::InitializeException failed
[0703/095208:ERROR:scoped_process_suspend.cc(38)] NtResumeProcess, ntstatus=-1073741558
